<?xml version="1.0" encoding="UTF-8"?>
<!-- Generated by org.testng.reporters.JUnitXMLReporter -->
<testsuite ignored="0" hostname="DESKTOP-3OK3SMK" failures="0" tests="3" name="Test" time="38.971" errors="0" timestamp="2023-11-28T10:58:12 IST">
  <testcase classname="com.demo.Bankmanagerlogin" name="loginPage" time="2.181"/>
  <testcase classname="com.demo.Bankmanagerlogin" name="addCurrency" time="1.305"/>
  <testcase classname="com.demo.Bankmanagerlogin" name="loginPage_02" time="22.419"/>
</testsuite> <!-- Test -->
