<?xml version="1.0" encoding="UTF-8"?>
<!-- Generated by org.testng.reporters.JUnitXMLReporter -->
<testsuite ignored="0" hostname="DESKTOP-3OK3SMK" failures="0" tests="4" name="Test" time="63.764" errors="0" timestamp="2023-11-28T11:55:50 IST">
  <testcase classname="com.demo.Bankmanagerlogin" name="loginPage" time="6.106"/>
  <testcase classname="com.demo.Bankmanagerlogin" name="addCurrency" time="2.167"/>
  <testcase classname="com.demo.Bankmanagerlogin" name="loginPage_02" time="22.469"/>
  <testcase classname="com.demo.Loginpage" name="login" time="1.693"/>
</testsuite> <!-- Test -->
