<?xml version="1.0" encoding="UTF-8"?>
<testng-results ignored="0" total="3" passed="3" failed="0" skipped="0">
  <reporter-output>
    <line>
      <![CDATA[loginPageexicution is pass]]>
    </line>
    <line>
      <![CDATA[addCurrencyexicution is pass]]>
    </line>
    <line>
      <![CDATA[loginPage_02exicution is pass]]>
    </line>
  </reporter-output>
  <suite started-at="2023-11-28T10:57:33 IST" name="Suite" finished-at="2023-11-28T10:58:12 IST" duration-ms="38971">
    <groups>
    </groups>
    <test started-at="2023-11-28T10:57:33 IST" name="Test" finished-at="2023-11-28T10:58:12 IST" duration-ms="38971">
      <class name="com.demo.Bankmanagerlogin">
        <test-method is-config="true" signature="openBrowser(java.lang.String)[pri:0, instance:com.demo.Bankmanagerlogin@1e0b4072]" started-at="2023-11-28T10:57:33 IST" name="openBrowser" finished-at="2023-11-28T10:57:42 IST" duration-ms="8876" status="PASS">
          <params>
            <param index="0">
              <value>
                <![CDATA[firefox]]>
              </value>
            </param>
          </params>
          <reporter-output>
          </reporter-output>
        </test-method> <!-- openBrowser -->
        <test-method is-config="true" signature="openApp()[pri:0, instance:com.demo.Bankmanagerlogin@1e0b4072]" started-at="2023-11-28T10:57:42 IST" name="openApp" finished-at="2023-11-28T10:57:44 IST" duration-ms="2012" status="PASS">
          <reporter-output>
          </reporter-output>
        </test-method> <!-- openApp -->
        <test-method signature="loginPage()[pri:1, instance:com.demo.Bankmanagerlogin@1e0b4072]" started-at="2023-11-28T10:57:44 IST" name="loginPage" finished-at="2023-11-28T10:57:46 IST" duration-ms="2181" status="PASS">
          <reporter-output>
          </reporter-output>
        </test-method> <!-- loginPage -->
        <test-method is-config="true" signature="testMethodResult(org.testng.ITestResult)[pri:0, instance:com.demo.Bankmanagerlogin@1e0b4072]" started-at="2023-11-28T10:57:46 IST" name="testMethodResult" finished-at="2023-11-28T10:57:46 IST" duration-ms="7" status="PASS">
          <params>
            <param index="0">
              <value>
                <![CDATA[[TestResult name=loginPage status=SUCCESS method=Bankmanagerlogin.loginPage()[pri:1, instance:com.demo.Bankmanagerlogin@1e0b4072] output={null}]]]>
              </value>
            </param>
          </params>
          <reporter-output>
            <line>
              <![CDATA[loginPageexicution is pass]]>
            </line>
          </reporter-output>
        </test-method> <!-- testMethodResult -->
        <test-method is-config="true" signature="openApp()[pri:0, instance:com.demo.Bankmanagerlogin@1e0b4072]" started-at="2023-11-28T10:57:46 IST" name="openApp" finished-at="2023-11-28T10:57:46 IST" duration-ms="66" status="PASS">
          <reporter-output>
          </reporter-output>
        </test-method> <!-- openApp -->
        <test-method signature="addCurrency()[pri:2, instance:com.demo.Bankmanagerlogin@1e0b4072]" started-at="2023-11-28T10:57:46 IST" name="addCurrency" finished-at="2023-11-28T10:57:48 IST" duration-ms="1305" status="PASS">
          <reporter-output>
          </reporter-output>
        </test-method> <!-- addCurrency -->
        <test-method is-config="true" signature="testMethodResult(org.testng.ITestResult)[pri:0, instance:com.demo.Bankmanagerlogin@1e0b4072]" started-at="2023-11-28T10:57:48 IST" name="testMethodResult" finished-at="2023-11-28T10:57:48 IST" duration-ms="1" status="PASS">
          <params>
            <param index="0">
              <value>
                <![CDATA[[TestResult name=addCurrency status=SUCCESS method=Bankmanagerlogin.addCurrency()[pri:2, instance:com.demo.Bankmanagerlogin@1e0b4072] output={null}]]]>
              </value>
            </param>
          </params>
          <reporter-output>
            <line>
              <![CDATA[addCurrencyexicution is pass]]>
            </line>
          </reporter-output>
        </test-method> <!-- testMethodResult -->
        <test-method is-config="true" signature="openApp()[pri:0, instance:com.demo.Bankmanagerlogin@1e0b4072]" started-at="2023-11-28T10:57:48 IST" name="openApp" finished-at="2023-11-28T10:57:48 IST" duration-ms="43" status="PASS">
          <reporter-output>
          </reporter-output>
        </test-method> <!-- openApp -->
        <test-method signature="loginPage_02()[pri:3, instance:com.demo.Bankmanagerlogin@1e0b4072]" started-at="2023-11-28T10:57:48 IST" name="loginPage_02" finished-at="2023-11-28T10:58:10 IST" duration-ms="22419" status="PASS">
          <reporter-output>
          </reporter-output>
        </test-method> <!-- loginPage_02 -->
        <test-method is-config="true" signature="testMethodResult(org.testng.ITestResult)[pri:0, instance:com.demo.Bankmanagerlogin@1e0b4072]" started-at="2023-11-28T10:58:10 IST" name="testMethodResult" finished-at="2023-11-28T10:58:10 IST" duration-ms="2" status="PASS">
          <params>
            <param index="0">
              <value>
                <![CDATA[[TestResult name=loginPage_02 status=SUCCESS method=Bankmanagerlogin.loginPage_02()[pri:3, instance:com.demo.Bankmanagerlogin@1e0b4072] output={null}]]]>
              </value>
            </param>
          </params>
          <reporter-output>
            <line>
              <![CDATA[loginPage_02exicution is pass]]>
            </line>
          </reporter-output>
        </test-method> <!-- testMethodResult -->
        <test-method is-config="true" signature="closeBrowser()[pri:0, instance:com.demo.Bankmanagerlogin@1e0b4072]" started-at="2023-11-28T10:58:10 IST" name="closeBrowser" finished-at="2023-11-28T10:58:12 IST" duration-ms="1922" status="PASS">
          <reporter-output>
          </reporter-output>
        </test-method> <!-- closeBrowser -->
      </class> <!-- com.demo.Bankmanagerlogin -->
    </test> <!-- Test -->
  </suite> <!-- Suite -->
</testng-results>
